<?xml version="1.0" encoding="UTF-8"?>
<!-- Generated by org.testng.reporters.JUnitReportReporter -->
<testsuite skipped="1" hostname="kevin" name="org.testng.sample" tests="2" failures="0" timestamp="09 Feb 2022 13:25:18 GMT" time="0.015" errors="0">
  <testcase name="tc02" time="0.015" classname="org.testng.sample"/>
  <testcase name="tc" classname="org.testng.sample">
    <skipped/>
  </testcase> <!-- tc -->
</testsuite> <!-- org.testng.sample -->
