<?xml version="1.0" encoding="UTF-8"?>
<!-- Generated by org.testng.reporters.JUnitReportReporter -->
<testsuite skipped="0" hostname="kevin" name="org.testng.ParallelLaunch" tests="2" failures="0" timestamp="13 Feb 2022 14:14:43 GMT" time="15.117" errors="0">
  <testcase name="tc02" time="8.549" classname="org.testng.ParallelLaunch"/>
  <testcase name="tco1" time="6.568" classname="org.testng.ParallelLaunch"/>
</testsuite> <!-- org.testng.ParallelLaunch -->
