<?xml version="1.0" encoding="UTF-8"?>
<!-- Generated by org.testng.reporters.JUnitReportReporter -->
<testsuite skipped="0" hostname="kevin" name="org.testng.MultiLaunch" tests="10" failures="0" timestamp="10 Feb 2022 05:26:53 GMT" time="122.207" errors="0">
  <testcase name="tco1" time="12.148" classname="org.testng.MultiLaunch"/>
  <testcase name="tco1" time="9.522" classname="org.testng.MultiLaunch"/>
  <testcase name="tco1" time="11.240" classname="org.testng.MultiLaunch"/>
  <testcase name="tco1" time="9.559" classname="org.testng.MultiLaunch"/>
  <testcase name="tco1" time="9.081" classname="org.testng.MultiLaunch"/>
  <testcase name="tco1" time="9.061" classname="org.testng.MultiLaunch"/>
  <testcase name="tco1" time="16.083" classname="org.testng.MultiLaunch"/>
  <testcase name="tco1" time="23.188" classname="org.testng.MultiLaunch"/>
  <testcase name="tco1" time="7.978" classname="org.testng.MultiLaunch"/>
  <testcase name="tco1" time="14.347" classname="org.testng.MultiLaunch"/>
</testsuite> <!-- org.testng.MultiLaunch -->
