<?xml version="1.0" encoding="UTF-8"?>
<!-- Generated by org.testng.reporters.JUnitReportReporter -->
<testsuite skipped="0" hostname="kevin" name="org.testng.LaunchHotel" tests="5" failures="0" timestamp="10 Feb 2022 10:07:58 GMT" time="13.928" errors="0">
  <testcase name="tc02" time="1.638" classname="org.testng.LaunchHotel"/>
  <testcase name="tc03" time="1.059" classname="org.testng.LaunchHotel"/>
  <testcase name="tc05" time="6.104" classname="org.testng.LaunchHotel"/>
  <testcase name="tc04" time="1.266" classname="org.testng.LaunchHotel"/>
  <testcase name="tc01" time="3.861" classname="org.testng.LaunchHotel"/>
</testsuite> <!-- org.testng.LaunchHotel -->
